<?xml version="1.0" encoding="UTF-8"?>
<testsuite name="ru.qa.addressbook.tests.GroupModificationTests" tests="1" skipped="0" failures="0" errors="0" timestamp="2017-09-23T20:17:56" hostname="GIRL-PC" time="4.337">
  <properties/>
  <testcase name="testGroupModification" classname="ru.qa.addressbook.tests.GroupModificationTests" time="4.337"/>
  <system-out><![CDATA[]]></system-out>
  <system-err><![CDATA[]]></system-err>
</testsuite>
