<?xml version="1.0" encoding="UTF-8"?>
<testsuite name="ru.qa.addressbook.tests.ContactCreationTests" tests="5" skipped="0" failures="0" errors="0" timestamp="2017-09-23T20:15:47" hostname="GIRL-PC" time="48.497">
  <properties/>
  <testcase name="testContactCreation[0](ContactData{firstName='name 0', lastName='last name 0', id=2147483647})" classname="ru.qa.addressbook.tests.ContactCreationTests" time="9.836"/>
  <testcase name="testContactCreation[1](ContactData{firstName='name 1', lastName='last name 1', id=2147483647})" classname="ru.qa.addressbook.tests.ContactCreationTests" time="9.472"/>
  <testcase name="testContactCreation[2](ContactData{firstName='name 2', lastName='last name 2', id=2147483647})" classname="ru.qa.addressbook.tests.ContactCreationTests" time="9.203"/>
  <testcase name="testContactCreation[3](ContactData{firstName='name 3', lastName='last name 3', id=2147483647})" classname="ru.qa.addressbook.tests.ContactCreationTests" time="10.585"/>
  <testcase name="testContactCreation[4](ContactData{firstName='name 4', lastName='last name 4', id=2147483647})" classname="ru.qa.addressbook.tests.ContactCreationTests" time="9.4"/>
  <system-out><![CDATA[]]></system-out>
  <system-err><![CDATA[]]></system-err>
</testsuite>
