<?xml version="1.0" encoding="UTF-8"?>
<testsuite name="ru.qa.addressbook.tests.ContactDeletionTests" tests="1" skipped="1" failures="0" errors="0" timestamp="2017-09-23T21:15:17" hostname="GIRL-PC" time="0.0">
  <properties/>
  <testcase name="testContactDeletion" classname="ru.qa.addressbook.tests.ContactDeletionTests" time="0.0">
    <skipped/>
  </testcase>
  <system-out><![CDATA[]]></system-out>
  <system-err><![CDATA[]]></system-err>
</testsuite>
